#
# There is insufficient memory for the Java Runtime Environment to continue.
# Native memory allocation (malloc) failed to allocate 93616 bytes. Error detail: Chunk::new
# Possible reasons:
#   The system is out of physical RAM or swap space
#   This process is running with CompressedOops enabled, and the Java Heap may be blocking the growth of the native heap
# Possible solutions:
#   Reduce memory load on the system
#   Increase physical memory or swap space
#   Check if swap backing store is full
#   Decrease Java heap size (-Xmx/-Xms)
#   Decrease number of Java threads
#   Decrease Java thread stack sizes (-Xss)
#   Set larger code cache with -XX:ReservedCodeCacheSize=
#   JVM is running with Zero Based Compressed Oops mode in which the Java heap is
#     placed in the first 32GB address space. The Java Heap base address is the
#     maximum limit for the native heap growth. Please use -XX:HeapBaseMinAddress
#     to set the Java Heap base and to place the Java Heap above 32GB virtual address.
# This output file may be truncated or incomplete.
#
#  Out of Memory Error (arena.cpp:168), pid=14152, tid=6272
#
# JRE version: OpenJDK Runtime Environment Temurin-21.0.9+10 (21.0.9+10) (build 21.0.9+10-LTS)
# Java VM: OpenJDK 64-Bit Server VM Temurin-21.0.9+10 (21.0.9+10-LTS, mixed mode, sharing, tiered, compressed oops, compressed class ptrs, g1 gc, windows-amd64)
# No core dump will be written. Minidumps are not enabled by default on client versions of Windows
#

---------------  S U M M A R Y ------------

Command Line: --enable-native-access=ALL-UNNAMED -Dclassworlds.conf=C:\Users\Hello\Downloads\apache-maven-3.9.11-bin\apache-maven-3.9.11\bin\m2.conf -Dmaven.home=C:\Users\Hello\Downloads\apache-maven-3.9.11-bin\apache-maven-3.9.11 -Dlibrary.jansi.path=C:\Users\Hello\Downloads\apache-maven-3.9.11-bin\apache-maven-3.9.11\lib\jansi-native -Dmaven.multiModuleProjectDirectory=C:\Users\Hello\Desktop\Royal Classico\royal-classico org.codehaus.plexus.classworlds.launcher.Launcher -DskipTests=true package

Host: Intel(R) Core(TM) i7-8565U CPU @ 1.80GHz, 8 cores, 15G,  Windows 11 , 64 bit Build 22000 (10.0.22000.2538)
Time: Tue May 12 02:47:24 2026 Myanmar Standard Time elapsed time: 0.902203 seconds (0d 0h 0m 0s)

---------------  T H R E A D  ---------------

Current thread (0x0000028ea71bf120):  JavaThread "C2 CompilerThread1" daemon [_thread_in_native, id=6272, stack(0x000000a400400000,0x000000a400500000) (1024K)]


Current CompileTask:
C2:902 1127       4       sun.nio.cs.StreamDecoder::lockedRead (189 bytes)

Stack: [0x000000a400400000,0x000000a400500000]
Native frames: (J=compiled Java code, j=interpreted, Vv=VM code, C=native code)
V  [jvm.dll+0x6d6e29]
V  [jvm.dll+0x8b4b76]
V  [jvm.dll+0x8b712e]
V  [jvm.dll+0x8b7813]
V  [jvm.dll+0x283d86]
V  [jvm.dll+0xc66ed]
V  [jvm.dll+0xc6c31]
V  [jvm.dll+0x5de601]
V  [jvm.dll+0x38abc1]
V  [jvm.dll+0x389fda]
V  [jvm.dll+0x24bfa0]
V  [jvm.dll+0x24b580]
V  [jvm.dll+0x1cb13e]
V  [jvm.dll+0x25b29d]
V  [jvm.dll+0x25982a]
V  [jvm.dll+0x3f7ea6]
V  [jvm.dll+0x85e9ad]
V  [jvm.dll+0x6d565d]
C  [ucrtbase.dll+0x26c0c]
C  [KERNEL32.DLL+0x153e0]
C  [ntdll.dll+0x485b]


---------------  P R O C E S S  ---------------

Threads class SMR info:
_java_thread_list=0x0000028e6156dd70, length=13, elements={
0x0000028e3fc90e80, 0x0000028e613ee640, 0x0000028e613ef350, 0x0000028e613f0f10,
0x0000028e613f1960, 0x0000028e613f23b0, 0x0000028e613f2e00, 0x0000028e613f5b90,
0x0000028e614091f0, 0x0000028e6153b560, 0x0000028e6153bbc0, 0x0000028ea71bf120,
0x0000028ea78c5bd0
}

Java Threads: ( => current thread )
  0x0000028e3fc90e80 JavaThread "main"                              [_thread_in_Java, id=18856, stack(0x000000a47f200000,0x000000a47f300000) (1024K)]
  0x0000028e613ee640 JavaThread "Reference Handler"          daemon [_thread_blocked, id=16948, stack(0x000000a47fa00000,0x000000a47fb00000) (1024K)]
  0x0000028e613ef350 JavaThread "Finalizer"                  daemon [_thread_blocked, id=12576, stack(0x000000a47fb00000,0x000000a47fc00000) (1024K)]
  0x0000028e613f0f10 JavaThread "Signal Dispatcher"          daemon [_thread_blocked, id=13408, stack(0x000000a47fc00000,0x000000a47fd00000) (1024K)]
  0x0000028e613f1960 JavaThread "Attach Listener"            daemon [_thread_blocked, id=2468, stack(0x000000a47fd00000,0x000000a47fe00000) (1024K)]
  0x0000028e613f23b0 JavaThread "Service Thread"             daemon [_thread_blocked, id=22700, stack(0x000000a47fe00000,0x000000a47ff00000) (1024K)]
  0x0000028e613f2e00 JavaThread "Monitor Deflation Thread"   daemon [_thread_blocked, id=7452, stack(0x000000a47ff00000,0x000000a480000000) (1024K)]
  0x0000028e613f5b90 JavaThread "C2 CompilerThread0"         daemon [_thread_in_native, id=16208, stack(0x000000a400000000,0x000000a400100000) (1024K)]
  0x0000028e614091f0 JavaThread "C1 CompilerThread0"         daemon [_thread_blocked, id=6284, stack(0x000000a400100000,0x000000a400200000) (1024K)]
  0x0000028e6153b560 JavaThread "Notification Thread"        daemon [_thread_blocked, id=13564, stack(0x000000a400200000,0x000000a400300000) (1024K)]
  0x0000028e6153bbc0 JavaThread "Common-Cleaner"             daemon [_thread_blocked, id=9008, stack(0x000000a400300000,0x000000a400400000) (1024K)]
=>0x0000028ea71bf120 JavaThread "C2 CompilerThread1"         daemon [_thread_in_native, id=6272, stack(0x000000a400400000,0x000000a400500000) (1024K)]
  0x0000028ea78c5bd0 JavaThread "C2 CompilerThread2"         daemon [_thread_in_native, id=24276, stack(0x000000a400500000,0x000000a400600000) (1024K)]
Total: 13

Other Threads:
  0x0000028e613cd2c0 VMThread "VM Thread"                           [id=24460, stack(0x000000a47f900000,0x000000a47fa00000) (1024K)]
  0x0000028e613bc4a0 WatcherThread "VM Periodic Task Thread"        [id=2196, stack(0x000000a47f800000,0x000000a47f900000) (1024K)]
  0x0000028e42041230 WorkerThread "GC Thread#0"                     [id=860, stack(0x000000a47f300000,0x000000a47f400000) (1024K)]
  0x0000028ea7884da0 WorkerThread "GC Thread#1"                     [id=19752, stack(0x000000a400600000,0x000000a400700000) (1024K)]
  0x0000028ea7885140 WorkerThread "GC Thread#2"                     [id=6280, stack(0x000000a400700000,0x000000a400800000) (1024K)]
  0x0000028ea74706b0 WorkerThread "GC Thread#3"                     [id=10096, stack(0x000000a400800000,0x000000a400900000) (1024K)]
  0x0000028ea7470e50 WorkerThread "GC Thread#4"                     [id=7140, stack(0x000000a400900000,0x000000a400a00000) (1024K)]
  0x0000028ea76878d0 WorkerThread "GC Thread#5"                     [id=9960, stack(0x000000a400a00000,0x000000a400b00000) (1024K)]
  0x0000028ea7b934d0 WorkerThread "GC Thread#6"                     [id=22860, stack(0x000000a400b00000,0x000000a400c00000) (1024K)]
  0x0000028ea7b93870 WorkerThread "GC Thread#7"                     [id=16692, stack(0x000000a400c00000,0x000000a400d00000) (1024K)]
  0x0000028e42052200 ConcurrentGCThread "G1 Main Marker"            [id=13812, stack(0x000000a47f400000,0x000000a47f500000) (1024K)]
  0x0000028e42052d00 WorkerThread "G1 Conc#0"                       [id=4356, stack(0x000000a47f500000,0x000000a47f600000) (1024K)]
  0x0000028e61291160 ConcurrentGCThread "G1 Refine#0"               [id=18568, stack(0x000000a47f600000,0x000000a47f700000) (1024K)]
  0x0000028e61291be0 ConcurrentGCThread "G1 Service"                [id=13540, stack(0x000000a47f700000,0x000000a47f800000) (1024K)]
Total: 14

Threads with active compile tasks:
C2 CompilerThread0  930 1181   !   4       sun.nio.cs.StreamDecoder::read (78 bytes)
C2 CompilerThread1  930 1127       4       sun.nio.cs.StreamDecoder::lockedRead (189 bytes)
C2 CompilerThread2  930 1137       4       java.io.InputStreamReader::read (11 bytes)
Total: 3

VM state: not at safepoint (normal execution)

VM Mutex/Monitor currently owned by a thread: None

Heap address: 0x0000000701c00000, size: 4068 MB, Compressed Oops mode: Zero based, Oop shift amount: 3

CDS archive(s) mapped at: [0x0000028e62000000-0x0000028e62c80000-0x0000028e62c80000), size 13107200, SharedBaseAddress: 0x0000028e62000000, ArchiveRelocationMode: 1.
Compressed class space mapped at: 0x0000028e63000000-0x0000028ea3000000, reserved size: 1073741824
Narrow klass base: 0x0000028e62000000, Narrow klass shift: 0, Narrow klass range: 0x100000000

GC Precious Log:
 CardTable entry size: 512
 Card Set container configuration: InlinePtr #cards 4 size 8 Array Of Cards #cards 16 size 48 Howl #buckets 8 coarsen threshold 3686 Howl Bitmap #cards 512 size 80 coarsen threshold 460 Card regions per heap region 1 cards per card region 4096
 CPUs: 8 total, 8 available
 Memory: 16270M
 Large Page Support: Disabled
 NUMA Support: Disabled
 Compressed Oops: Enabled (Zero based)
 Heap Region Size: 2M
 Heap Min Capacity: 8M
 Heap Initial Capacity: 256M
 Heap Max Capacity: 4068M
 Pre-touch: Disabled
 Parallel Workers: 8
 Concurrent Workers: 2
 Concurrent Refinement Workers: 8
 Periodic GC: Disabled

Heap:
 garbage-first heap   total 262144K, used 5930K [0x0000000701c00000, 0x0000000800000000)
  region size 2048K, 4 young (8192K), 2 survivors (4096K)
 Metaspace       used 5721K, committed 5952K, reserved 1114112K
  class space    used 682K, committed 768K, reserved 1048576K

Heap Regions: E=young(eden), S=young(survivor), O=old, HS=humongous(starts), HC=humongous(continues), CS=collection set, F=free, TAMS=top-at-mark-start, PB=parsable bottom
|   0|0x0000000701c00000, 0x0000000701c00000, 0x0000000701e00000|  0%| F|  |TAMS 0x0000000701c00000| PB 0x0000000701c00000| Untracked 
|   1|0x0000000701e00000, 0x0000000701e00000, 0x0000000702000000|  0%| F|  |TAMS 0x0000000701e00000| PB 0x0000000701e00000| Untracked 
|   2|0x0000000702000000, 0x0000000702000000, 0x0000000702200000|  0%| F|  |TAMS 0x0000000702000000| PB 0x0000000702000000| Untracked 
|   3|0x0000000702200000, 0x0000000702200000, 0x0000000702400000|  0%| F|  |TAMS 0x0000000702200000| PB 0x0000000702200000| Untracked 
|   4|0x0000000702400000, 0x0000000702400000, 0x0000000702600000|  0%| F|  |TAMS 0x0000000702400000| PB 0x0000000702400000| Untracked 
|   5|0x0000000702600000, 0x0000000702600000, 0x0000000702800000|  0%| F|  |TAMS 0x0000000702600000| PB 0x0000000702600000| Untracked 
|   6|0x0000000702800000, 0x0000000702800000, 0x0000000702a00000|  0%| F|  |TAMS 0x0000000702800000| PB 0x0000000702800000| Untracked 
|   7|0x0000000702a00000, 0x0000000702a00000, 0x0000000702c00000|  0%| F|  |TAMS 0x0000000702a00000| PB 0x0000000702a00000| Untracked 
|   8|0x0000000702c00000, 0x0000000702c00000, 0x0000000702e00000|  0%| F|  |TAMS 0x0000000702c00000| PB 0x0000000702c00000| Untracked 
|   9|0x0000000702e00000, 0x0000000702e00000, 0x0000000703000000|  0%| F|  |TAMS 0x0000000702e00000| PB 0x0000000702e00000| Untracked 
|  10|0x0000000703000000, 0x0000000703000000, 0x0000000703200000|  0%| F|  |TAMS 0x0000000703000000| PB 0x0000000703000000| Untracked 
|  11|0x0000000703200000, 0x0000000703200000, 0x0000000703400000|  0%| F|  |TAMS 0x0000000703200000| PB 0x0000000703200000| Untracked 
|  12|0x0000000703400000, 0x0000000703400000, 0x0000000703600000|  0%| F|  |TAMS 0x0000000703400000| PB 0x0000000703400000| Untracked 
|  13|0x0000000703600000, 0x0000000703600000, 0x0000000703800000|  0%| F|  |TAMS 0x0000000703600000| PB 0x0000000703600000| Untracked 
|  14|0x0000000703800000, 0x0000000703800000, 0x0000000703a00000|  0%| F|  |TAMS 0x0000000703800000| PB 0x0000000703800000| Untracked 
|  15|0x0000000703a00000, 0x0000000703a00000, 0x0000000703c00000|  0%| F|  |TAMS 0x0000000703a00000| PB 0x0000000703a00000| Untracked 
|  16|0x0000000703c00000, 0x0000000703c00000, 0x0000000703e00000|  0%| F|  |TAMS 0x0000000703c00000| PB 0x0000000703c00000| Untracked 
|  17|0x0000000703e00000, 0x0000000703e00000, 0x0000000704000000|  0%| F|  |TAMS 0x0000000703e00000| PB 0x0000000703e00000| Untracked 
|  18|0x0000000704000000, 0x0000000704000000, 0x0000000704200000|  0%| F|  |TAMS 0x0000000704000000| PB 0x0000000704000000| Untracked 
|  19|0x0000000704200000, 0x0000000704200000, 0x0000000704400000|  0%| F|  |TAMS 0x0000000704200000| PB 0x0000000704200000| Untracked 
|  20|0x0000000704400000, 0x0000000704400000, 0x0000000704600000|  0%| F|  |TAMS 0x0000000704400000| PB 0x0000000704400000| Untracked 
|  21|0x0000000704600000, 0x0000000704600000, 0x0000000704800000|  0%| F|  |TAMS 0x0000000704600000| PB 0x0000000704600000| Untracked 
|  22|0x0000000704800000, 0x0000000704800000, 0x0000000704a00000|  0%| F|  |TAMS 0x0000000704800000| PB 0x0000000704800000| Untracked 
|  23|0x0000000704a00000, 0x0000000704a00000, 0x0000000704c00000|  0%| F|  |TAMS 0x0000000704a00000| PB 0x0000000704a00000| Untracked 
|  24|0x0000000704c00000, 0x0000000704c00000, 0x0000000704e00000|  0%| F|  |TAMS 0x0000000704c00000| PB 0x0000000704c00000| Untracked 
|  25|0x0000000704e00000, 0x0000000704e00000, 0x0000000705000000|  0%| F|  |TAMS 0x0000000704e00000| PB 0x0000000704e00000| Untracked 
|  26|0x0000000705000000, 0x0000000705000000, 0x0000000705200000|  0%| F|  |TAMS 0x0000000705000000| PB 0x0000000705000000| Untracked 
|  27|0x0000000705200000, 0x0000000705200000, 0x0000000705400000|  0%| F|  |TAMS 0x0000000705200000| PB 0x0000000705200000| Untracked 
|  28|0x0000000705400000, 0x0000000705400000, 0x0000000705600000|  0%| F|  |TAMS 0x0000000705400000| PB 0x0000000705400000| Untracked 
|  29|0x0000000705600000, 0x0000000705600000, 0x0000000705800000|  0%| F|  |TAMS 0x0000000705600000| PB 0x0000000705600000| Untracked 
|  30|0x0000000705800000, 0x0000000705800000, 0x0000000705a00000|  0%| F|  |TAMS 0x0000000705800000| PB 0x0000000705800000| Untracked 
|  31|0x0000000705a00000, 0x0000000705a00000, 0x0000000705c00000|  0%| F|  |TAMS 0x0000000705a00000| PB 0x0000000705a00000| Untracked 
|  32|0x0000000705c00000, 0x0000000705c00000, 0x0000000705e00000|  0%| F|  |TAMS 0x0000000705c00000| PB 0x0000000705c00000| Untracked 
|  33|0x0000000705e00000, 0x0000000705e00000, 0x0000000706000000|  0%| F|  |TAMS 0x0000000705e00000| PB 0x0000000705e00000| Untracked 
|  34|0x0000000706000000, 0x0000000706000000, 0x0000000706200000|  0%| F|  |TAMS 0x0000000706000000| PB 0x0000000706000000| Untracked 
|  35|0x0000000706200000, 0x0000000706200000, 0x0000000706400000|  0%| F|  |TAMS 0x0000000706200000| PB 0x0000000706200000| Untracked 
|  36|0x0000000706400000, 0x0000000706400000, 0x0000000706600000|  0%| F|  |TAMS 0x0000000706400000| PB 0x0000000706400000| Untracked 
|  37|0x0000000706600000, 0x0000000706600000, 0x0000000706800000|  0%| F|  |TAMS 0x0000000706600000| PB 0x0000000706600000| Untracked 
|  38|0x0000000706800000, 0x0000000706800000, 0x0000000706a00000|  0%| F|  |TAMS 0x0000000706800000| PB 0x0000000706800000| Untracked 
|  39|0x0000000706a00000, 0x0000000706a00000, 0x0000000706c00000|  0%| F|  |TAMS 0x0000000706a00000| PB 0x0000000706a00000| Untracked 
|  40|0x0000000706c00000, 0x0000000706c00000, 0x0000000706e00000|  0%| F|  |TAMS 0x0000000706c00000| PB 0x0000000706c00000| Untracked 
|  41|0x0000000706e00000, 0x0000000706e00000, 0x0000000707000000|  0%| F|  |TAMS 0x0000000706e00000| PB 0x0000000706e00000| Untracked 
|  42|0x0000000707000000, 0x0000000707000000, 0x0000000707200000|  0%| F|  |TAMS 0x0000000707000000| PB 0x0000000707000000| Untracked 
|  43|0x0000000707200000, 0x0000000707200000, 0x0000000707400000|  0%| F|  |TAMS 0x0000000707200000| PB 0x0000000707200000| Untracked 
|  44|0x0000000707400000, 0x0000000707400000, 0x0000000707600000|  0%| F|  |TAMS 0x0000000707400000| PB 0x0000000707400000| Untracked 
|  45|0x0000000707600000, 0x0000000707600000, 0x0000000707800000|  0%| F|  |TAMS 0x0000000707600000| PB 0x0000000707600000| Untracked 
|  46|0x0000000707800000, 0x0000000707800000, 0x0000000707a00000|  0%| F|  |TAMS 0x0000000707800000| PB 0x0000000707800000| Untracked 
|  47|0x0000000707a00000, 0x0000000707a00000, 0x0000000707c00000|  0%| F|  |TAMS 0x0000000707a00000| PB 0x0000000707a00000| Untracked 
|  48|0x0000000707c00000, 0x0000000707c00000, 0x0000000707e00000|  0%| F|  |TAMS 0x0000000707c00000| PB 0x0000000707c00000| Untracked 
|  49|0x0000000707e00000, 0x0000000707e00000, 0x0000000708000000|  0%| F|  |TAMS 0x0000000707e00000| PB 0x0000000707e00000| Untracked 
|  50|0x0000000708000000, 0x0000000708000000, 0x0000000708200000|  0%| F|  |TAMS 0x0000000708000000| PB 0x0000000708000000| Untracked 
|  51|0x0000000708200000, 0x0000000708200000, 0x0000000708400000|  0%| F|  |TAMS 0x0000000708200000| PB 0x0000000708200000| Untracked 
|  52|0x0000000708400000, 0x0000000708400000, 0x0000000708600000|  0%| F|  |TAMS 0x0000000708400000| PB 0x0000000708400000| Untracked 
|  53|0x0000000708600000, 0x0000000708600000, 0x0000000708800000|  0%| F|  |TAMS 0x0000000708600000| PB 0x0000000708600000| Untracked 
|  54|0x0000000708800000, 0x0000000708800000, 0x0000000708a00000|  0%| F|  |TAMS 0x0000000708800000| PB 0x0000000708800000| Untracked 
|  55|0x0000000708a00000, 0x0000000708a00000, 0x0000000708c00000|  0%| F|  |TAMS 0x0000000708a00000| PB 0x0000000708a00000| Untracked 
|  56|0x0000000708c00000, 0x0000000708c00000, 0x0000000708e00000|  0%| F|  |TAMS 0x0000000708c00000| PB 0x0000000708c00000| Untracked 
|  57|0x0000000708e00000, 0x0000000708e00000, 0x0000000709000000|  0%| F|  |TAMS 0x0000000708e00000| PB 0x0000000708e00000| Untracked 
|  58|0x0000000709000000, 0x0000000709000000, 0x0000000709200000|  0%| F|  |TAMS 0x0000000709000000| PB 0x0000000709000000| Untracked 
|  59|0x0000000709200000, 0x0000000709200000, 0x0000000709400000|  0%| F|  |TAMS 0x0000000709200000| PB 0x0000000709200000| Untracked 
|  60|0x0000000709400000, 0x0000000709400000, 0x0000000709600000|  0%| F|  |TAMS 0x0000000709400000| PB 0x0000000709400000| Untracked 
|  61|0x0000000709600000, 0x0000000709600000, 0x0000000709800000|  0%| F|  |TAMS 0x0000000709600000| PB 0x0000000709600000| Untracked 
|  62|0x0000000709800000, 0x0000000709800000, 0x0000000709a00000|  0%| F|  |TAMS 0x0000000709800000| PB 0x0000000709800000| Untracked 
|  63|0x0000000709a00000, 0x0000000709a00000, 0x0000000709c00000|  0%| F|  |TAMS 0x0000000709a00000| PB 0x0000000709a00000| Untracked 
|  64|0x0000000709c00000, 0x0000000709c00000, 0x0000000709e00000|  0%| F|  |TAMS 0x0000000709c00000| PB 0x0000000709c00000| Untracked 
|  65|0x0000000709e00000, 0x0000000709e00000, 0x000000070a000000|  0%| F|  |TAMS 0x0000000709e00000| PB 0x0000000709e00000| Untracked 
|  66|0x000000070a000000, 0x000000070a000000, 0x000000070a200000|  0%| F|  |TAMS 0x000000070a000000| PB 0x000000070a000000| Untracked 
|  67|0x000000070a200000, 0x000000070a200000, 0x000000070a400000|  0%| F|  |TAMS 0x000000070a200000| PB 0x000000070a200000| Untracked 
|  68|0x000000070a400000, 0x000000070a400000, 0x000000070a600000|  0%| F|  |TAMS 0x000000070a400000| PB 0x000000070a400000| Untracked 
|  69|0x000000070a600000, 0x000000070a600000, 0x000000070a800000|  0%| F|  |TAMS 0x000000070a600000| PB 0x000000070a600000| Untracked 
|  70|0x000000070a800000, 0x000000070a800000, 0x000000070aa00000|  0%| F|  |TAMS 0x000000070a800000| PB 0x000000070a800000| Untracked 
|  71|0x000000070aa00000, 0x000000070aa00000, 0x000000070ac00000|  0%| F|  |TAMS 0x000000070aa00000| PB 0x000000070aa00000| Untracked 
|  72|0x000000070ac00000, 0x000000070ac00000, 0x000000070ae00000|  0%| F|  |TAMS 0x000000070ac00000| PB 0x000000070ac00000| Untracked 
|  73|0x000000070ae00000, 0x000000070ae00000, 0x000000070b000000|  0%| F|  |TAMS 0x000000070ae00000| PB 0x000000070ae00000| Untracked 
|  74|0x000000070b000000, 0x000000070b000000, 0x000000070b200000|  0%| F|  |TAMS 0x000000070b000000| PB 0x000000070b000000| Untracked 
|  75|0x000000070b200000, 0x000000070b200000, 0x000000070b400000|  0%| F|  |TAMS 0x000000070b200000| PB 0x000000070b200000| Untracked 
|  76|0x000000070b400000, 0x000000070b400000, 0x000000070b600000|  0%| F|  |TAMS 0x000000070b400000| PB 0x000000070b400000| Untracked 
|  77|0x000000070b600000, 0x000000070b600000, 0x000000070b800000|  0%| F|  |TAMS 0x000000070b600000| PB 0x000000070b600000| Untracked 
|  78|0x000000070b800000, 0x000000070b800000, 0x000000070ba00000|  0%| F|  |TAMS 0x000000070b800000| PB 0x000000070b800000| Untracked 
|  79|0x000000070ba00000, 0x000000070ba00000, 0x000000070bc00000|  0%| F|  |TAMS 0x000000070ba00000| PB 0x000000070ba00000| Untracked 
|  80|0x000000070bc00000, 0x000000070bc00000, 0x000000070be00000|  0%| F|  |TAMS 0x000000070bc00000| PB 0x000000070bc00000| Untracked 
|  81|0x000000070be00000, 0x000000070be00000, 0x000000070c000000|  0%| F|  |TAMS 0x000000070be00000| PB 0x000000070be00000| Untracked 
|  82|0x000000070c000000, 0x000000070c000000, 0x000000070c200000|  0%| F|  |TAMS 0x000000070c000000| PB 0x000000070c000000| Untracked 
|  83|0x000000070c200000, 0x000000070c200000, 0x000000070c400000|  0%| F|  |TAMS 0x000000070c200000| PB 0x000000070c200000| Untracked 
|  84|0x000000070c400000, 0x000000070c400000, 0x000000070c600000|  0%| F|  |TAMS 0x000000070c400000| PB 0x000000070c400000| Untracked 
|  85|0x000000070c600000, 0x000000070c600000, 0x000000070c800000|  0%| F|  |TAMS 0x000000070c600000| PB 0x000000070c600000| Untracked 
|  86|0x000000070c800000, 0x000000070c800000, 0x000000070ca00000|  0%| F|  |TAMS 0x000000070c800000| PB 0x000000070c800000| Untracked 
|  87|0x000000070ca00000, 0x000000070ca00000, 0x000000070cc00000|  0%| F|  |TAMS 0x000000070ca00000| PB 0x000000070ca00000| Untracked 
|  88|0x000000070cc00000, 0x000000070cc00000, 0x000000070ce00000|  0%| F|  |TAMS 0x000000070cc00000| PB 0x000000070cc00000| Untracked 
|  89|0x000000070ce00000, 0x000000070ce00000, 0x000000070d000000|  0%| F|  |TAMS 0x000000070ce00000| PB 0x000000070ce00000| Untracked 
|  90|0x000000070d000000, 0x000000070d000000, 0x000000070d200000|  0%| F|  |TAMS 0x000000070d000000| PB 0x000000070d000000| Untracked 
|  91|0x000000070d200000, 0x000000070d200000, 0x000000070d400000|  0%| F|  |TAMS 0x000000070d200000| PB 0x000000070d200000| Untracked 
|  92|0x000000070d400000, 0x000000070d400000, 0x000000070d600000|  0%| F|  |TAMS 0x000000070d400000| PB 0x000000070d400000| Untracked 
|  93|0x000000070d600000, 0x000000070d600000, 0x000000070d800000|  0%| F|  |TAMS 0x000000070d600000| PB 0x000000070d600000| Untracked 
|  94|0x000000070d800000, 0x000000070d800000, 0x000000070da00000|  0%| F|  |TAMS 0x000000070d800000| PB 0x000000070d800000| Untracked 
|  95|0x000000070da00000, 0x000000070da00000, 0x000000070dc00000|  0%| F|  |TAMS 0x000000070da00000| PB 0x000000070da00000| Untracked 
|  96|0x000000070dc00000, 0x000000070dc00000, 0x000000070de00000|  0%| F|  |TAMS 0x000000070dc00000| PB 0x000000070dc00000| Untracked 
|  97|0x000000070de00000, 0x000000070de00000, 0x000000070e000000|  0%| F|  |TAMS 0x000000070de00000| PB 0x000000070de00000| Untracked 
|  98|0x000000070e000000, 0x000000070e000000, 0x000000070e200000|  0%| F|  |TAMS 0x000000070e000000| PB 0x000000070e000000| Untracked 
|  99|0x000000070e200000, 0x000000070e200000, 0x000000070e400000|  0%| F|  |TAMS 0x000000070e200000| PB 0x000000070e200000| Untracked 
| 100|0x000000070e400000, 0x000000070e400000, 0x000000070e600000|  0%| F|  |TAMS 0x000000070e400000| PB 0x000000070e400000| Untracked 
| 101|0x000000070e600000, 0x000000070e600000, 0x000000070e800000|  0%| F|  |TAMS 0x000000070e600000| PB 0x000000070e600000| Untracked 
| 102|0x000000070e800000, 0x000000070e800000, 0x000000070ea00000|  0%| F|  |TAMS 0x000000070e800000| PB 0x000000070e800000| Untracked 
| 103|0x000000070ea00000, 0x000000070ea00000, 0x000000070ec00000|  0%| F|  |TAMS 0x000000070ea00000| PB 0x000000070ea00000| Untracked 
| 104|0x000000070ec00000, 0x000000070ec00000, 0x000000070ee00000|  0%| F|  |TAMS 0x000000070ec00000| PB 0x000000070ec00000| Untracked 
| 105|0x000000070ee00000, 0x000000070ee00000, 0x000000070f000000|  0%| F|  |TAMS 0x000000070ee00000| PB 0x000000070ee00000| Untracked 
| 106|0x000000070f000000, 0x000000070f000000, 0x000000070f200000|  0%| F|  |TAMS 0x000000070f000000| PB 0x000000070f000000| Untracked 
| 107|0x000000070f200000, 0x000000070f200000, 0x000000070f400000|  0%| F|  |TAMS 0x000000070f200000| PB 0x000000070f200000| Untracked 
| 108|0x000000070f400000, 0x000000070f400000, 0x000000070f600000|  0%| F|  |TAMS 0x000000070f400000| PB 0x000000070f400000| Untracked 
| 109|0x000000070f600000, 0x000000070f600000, 0x000000070f800000|  0%| F|  |TAMS 0x000000070f600000| PB 0x000000070f600000| Untracked 
| 110|0x000000070f800000, 0x000000070f800000, 0x000000070fa00000|  0%| F|  |TAMS 0x000000070f800000| PB 0x000000070f800000| Untracked 
| 111|0x000000070fa00000, 0x000000070fa00000, 0x000000070fc00000|  0%| F|  |TAMS 0x000000070fa00000| PB 0x000000070fa00000| Untracked 
| 112|0x000000070fc00000, 0x000000070fc00000, 0x000000070fe00000|  0%| F|  |TAMS 0x000000070fc00000| PB 0x000000070fc00000| Untracked 
| 113|0x000000070fe00000, 0x000000070fe00000, 0x0000000710000000|  0%| F|  |TAMS 0x000000070fe00000| PB 0x000000070fe00000| Untracked 
| 114|0x0000000710000000, 0x0000000710000000, 0x0000000710200000|  0%| F|  |TAMS 0x0000000710000000| PB 0x0000000710000000| Untracked 
| 115|0x0000000710200000, 0x00000007103caa38, 0x0000000710400000| 89%| S|CS|TAMS 0x0000000710200000| PB 0x0000000710200000| Complete 
| 116|0x0000000710400000, 0x0000000710600000, 0x0000000710600000|100%| S|CS|TAMS 0x0000000710400000| PB 0x0000000710400000| Complete 
| 117|0x0000000710600000, 0x0000000710600000, 0x0000000710800000|  0%| F|  |TAMS 0x0000000710600000| PB 0x0000000710600000| Untracked 
| 118|0x0000000710800000, 0x0000000710800000, 0x0000000710a00000|  0%| F|  |TAMS 0x0000000710800000| PB 0x0000000710800000| Untracked 
| 119|0x0000000710a00000, 0x0000000710a00000, 0x0000000710c00000|  0%| F|  |TAMS 0x0000000710a00000| PB 0x0000000710a00000| Untracked 
| 120|0x0000000710c00000, 0x0000000710c00000, 0x0000000710e00000|  0%| F|  |TAMS 0x0000000710c00000| PB 0x0000000710c00000| Untracked 
| 121|0x0000000710e00000, 0x0000000710e00000, 0x0000000711000000|  0%| F|  |TAMS 0x0000000710e00000| PB 0x0000000710e00000| Untracked 
| 122|0x0000000711000000, 0x0000000711000000, 0x0000000711200000|  0%| F|  |TAMS 0x0000000711000000| PB 0x0000000711000000| Untracked 
| 123|0x0000000711200000, 0x0000000711200000, 0x0000000711400000|  0%| F|  |TAMS 0x0000000711200000| PB 0x0000000711200000| Untracked 
| 124|0x0000000711400000, 0x0000000711400000, 0x0000000711600000|  0%| F|  |TAMS 0x0000000711400000| PB 0x0000000711400000| Untracked 
| 125|0x0000000711600000, 0x0000000711600000, 0x0000000711800000|  0%| F|  |TAMS 0x0000000711600000| PB 0x0000000711600000| Untracked 
| 126|0x0000000711800000, 0x00000007119197d0, 0x0000000711a00000| 54%| E|  |TAMS 0x0000000711800000| PB 0x0000000711800000| Complete 
| 127|0x0000000711a00000, 0x0000000711c00000, 0x0000000711c00000|100%| E|CS|TAMS 0x0000000711a00000| PB 0x0000000711a00000| Complete 

Card table byte_map: [0x0000028e5a230000,0x0000028e5aa30000] _byte_map_base: 0x0000028e56a22000

Marking Bits: (CMBitMap*) 0x0000028e42041930
 Bits: [0x0000028e5aa30000, 0x0000028e5e9c0000)

Polling page: 0x0000028e417b0000

Metaspace:

Usage:
  Non-class:      4.92 MB used.
      Class:    682.86 KB used.
       Both:      5.59 MB used.

Virtual space:
  Non-class space:       64.00 MB reserved,       5.06 MB (  8%) committed,  1 nodes.
      Class space:        1.00 GB reserved,     768.00 KB ( <1%) committed,  1 nodes.
             Both:        1.06 GB reserved,       5.81 MB ( <1%) committed. 

Chunk freelists:
   Non-Class:  9.11 MB
       Class:  15.27 MB
        Both:  24.38 MB

MaxMetaspaceSize: unlimited
CompressedClassSpaceSize: 1.00 GB
Initial GC threshold: 21.00 MB
Current GC threshold: 21.00 MB
CDS: on
 - commit_granule_bytes: 65536.
 - commit_granule_words: 8192.
 - virtual_space_node_default_size: 8388608.
 - enlarge_chunks_in_place: 1.
 - use_allocation_guard: 0.


Internal statistics:

num_allocs_failed_limit: 0.
num_arena_births: 64.
num_arena_deaths: 0.
num_vsnodes_births: 2.
num_vsnodes_deaths: 0.
num_space_committed: 93.
num_space_uncommitted: 0.
num_chunks_returned_to_freelist: 0.
num_chunks_taken_from_freelist: 234.
num_chunk_merges: 0.
num_chunk_splits: 149.
num_chunks_enlarged: 117.
num_inconsistent_stats: 0.

CodeHeap 'non-profiled nmethods': size=120000Kb used=392Kb max_used=392Kb free=119607Kb
 bounds [0x0000028e521d0000, 0x0000028e52440000, 0x0000028e59700000]
CodeHeap 'profiled nmethods': size=120000Kb used=2244Kb max_used=2244Kb free=117755Kb
 bounds [0x0000028e4a700000, 0x0000028e4a970000, 0x0000028e51c30000]
CodeHeap 'non-nmethods': size=5760Kb used=1297Kb max_used=1325Kb free=4462Kb
 bounds [0x0000028e51c30000, 0x0000028e51ea0000, 0x0000028e521d0000]
CodeCache: size=245760Kb, used=3933Kb, max_used=3961Kb, free=241824Kb
 total_blobs=1624, nmethods=1162, adapters=367, full_count=0
Compilation: enabled, stopped_count=0, restarted_count=0

Compilation events (20 events):
Event: 0.863 Thread 0x0000028e614091f0 1156       3       jdk.internal.loader.URLClassPath$JarLoader$2::getBytes (48 bytes)
Event: 0.864 Thread 0x0000028e614091f0 nmethod 1156 0x0000028e4a929390 code [0x0000028e4a9295a0, 0x0000028e4a929cd0]
Event: 0.864 Thread 0x0000028e614091f0 1157       3       jdk.internal.loader.URLClassPath$JarLoader$2::getContentLength (9 bytes)
Event: 0.864 Thread 0x0000028e614091f0 nmethod 1157 0x0000028e4a929f10 code [0x0000028e4a92a0a0, 0x0000028e4a92a258]
Event: 0.864 Thread 0x0000028e614091f0 1158       3       jdk.internal.loader.URLClassPath$JarLoader$2::getCodeSigners (8 bytes)
Event: 0.864 Thread 0x0000028e614091f0 nmethod 1158 0x0000028e4a92a310 code [0x0000028e4a92a4c0, 0x0000028e4a92a6a0]
Event: 0.864 Thread 0x0000028e614091f0 1159   !   3       java.util.jar.JarFile$JarFileEntry::getCodeSigners (77 bytes)
Event: 0.865 Thread 0x0000028e614091f0 nmethod 1159 0x0000028e4a92a790 code [0x0000028e4a92a9a0, 0x0000028e4a92af10]
Event: 0.865 Thread 0x0000028e614091f0 1160       3       java.lang.ClassLoader::defineClass (43 bytes)
Event: 0.865 Thread 0x0000028e614091f0 nmethod 1160 0x0000028e4a92b110 code [0x0000028e4a92b320, 0x0000028e4a92b838]
Event: 0.867 Thread 0x0000028e614091f0 1161       3       org.eclipse.sisu.plexus.PlexusXmlScanner::TEXT (10 bytes)
Event: 0.868 Thread 0x0000028e614091f0 nmethod 1161 0x0000028e4a92ba90 code [0x0000028e4a92bc80, 0x0000028e4a92c020]
Event: 0.868 Thread 0x0000028e614091f0 1162       3       org.codehaus.plexus.util.xml.pull.MXParser::nextText (107 bytes)
Event: 0.869 Thread 0x0000028e614091f0 nmethod 1162 0x0000028e4a92c190 code [0x0000028e4a92c460, 0x0000028e4a92cfe8]
Event: 0.870 Thread 0x0000028e614091f0 1163       1       sun.nio.fs.NativeBuffer::size (5 bytes)
Event: 0.870 Thread 0x0000028e614091f0 nmethod 1163 0x0000028e5222b810 code [0x0000028e5222b9a0, 0x0000028e5222ba68]
Event: 0.870 Thread 0x0000028e614091f0 1164       3       java.lang.StringBuilder::charAt (6 bytes)
Event: 0.870 Thread 0x0000028e614091f0 nmethod 1164 0x0000028e4a92d490 code [0x0000028e4a92d640, 0x0000028e4a92d780]
Event: 0.870 Thread 0x0000028e614091f0 1165       3       java.lang.AbstractStringBuilder::charAt (36 bytes)
Event: 0.870 Thread 0x0000028e614091f0 nmethod 1165 0x0000028e4a92d810 code [0x0000028e4a92d9e0, 0x0000028e4a92dd08]

GC Heap History (1 events):
Event: 0.872 GC heap before
{Heap before GC invocations=0 (full 0):
 garbage-first heap   total 262144K, used 20480K [0x0000000701c00000, 0x0000000800000000)
  region size 2048K, 11 young (22528K), 0 survivors (0K)
 Metaspace       used 5650K, committed 5888K, reserved 1114112K
  class space    used 670K, committed 768K, reserved 1048576K
}

Dll operation events (8 events):
Event: 0.008 Loaded shared library C:\Program Files\Eclipse Adoptium\jdk-21.0.9.10-hotspot\bin\java.dll
Event: 0.058 Loaded shared library C:\Program Files\Eclipse Adoptium\jdk-21.0.9.10-hotspot\bin\jsvml.dll
Event: 0.103 Loaded shared library C:\Program Files\Eclipse Adoptium\jdk-21.0.9.10-hotspot\bin\net.dll
Event: 0.106 Loaded shared library C:\Program Files\Eclipse Adoptium\jdk-21.0.9.10-hotspot\bin\nio.dll
Event: 0.111 Loaded shared library C:\Program Files\Eclipse Adoptium\jdk-21.0.9.10-hotspot\bin\zip.dll
Event: 0.276 Loaded shared library C:\Program Files\Eclipse Adoptium\jdk-21.0.9.10-hotspot\bin\jimage.dll
Event: 0.278 Loaded shared library C:\Users\Hello\Downloads\apache-maven-3.9.11-bin\apache-maven-3.9.11\lib\jansi-native\Windows\x86_64\jansi.dll
Event: 0.305 Loaded shared library C:\Program Files\Eclipse Adoptium\jdk-21.0.9.10-hotspot\bin\verify.dll

Deoptimization events (20 events):
Event: 0.739 Thread 0x0000028e3fc90e80 DEOPT PACKING pc=0x0000028e522215dc sp=0x000000a47f2fcb30
Event: 0.739 Thread 0x0000028e3fc90e80 DEOPT UNPACKING pc=0x0000028e51c84422 sp=0x000000a47f2fcaa8 mode 2
Event: 0.739 Thread 0x0000028e3fc90e80 Uncommon trap: trap_request=0xffffffde fr.pc=0x0000028e522215dc relative=0x000000000000013c
Event: 0.739 Thread 0x0000028e3fc90e80 Uncommon trap: reason=class_check action=maybe_recompile pc=0x0000028e522215dc method=jdk.internal.misc.Unsafe.allocateUninitializedArray(Ljava/lang/Class;I)Ljava/lang/Object; @ 51 c2
Event: 0.739 Thread 0x0000028e3fc90e80 DEOPT PACKING pc=0x0000028e522215dc sp=0x000000a47f2fc980
Event: 0.739 Thread 0x0000028e3fc90e80 DEOPT UNPACKING pc=0x0000028e51c84422 sp=0x000000a47f2fc910 mode 2
Event: 0.739 Thread 0x0000028e3fc90e80 Uncommon trap: trap_request=0xffffffde fr.pc=0x0000028e522215dc relative=0x000000000000013c
Event: 0.739 Thread 0x0000028e3fc90e80 Uncommon trap: reason=class_check action=maybe_recompile pc=0x0000028e522215dc method=jdk.internal.misc.Unsafe.allocateUninitializedArray(Ljava/lang/Class;I)Ljava/lang/Object; @ 51 c2
Event: 0.739 Thread 0x0000028e3fc90e80 DEOPT PACKING pc=0x0000028e522215dc sp=0x000000a47f2fc980
Event: 0.739 Thread 0x0000028e3fc90e80 DEOPT UNPACKING pc=0x0000028e51c84422 sp=0x000000a47f2fc910 mode 2
Event: 0.746 Thread 0x0000028e3fc90e80 DEOPT PACKING pc=0x0000028e4a73815a sp=0x000000a47f2f5510
Event: 0.746 Thread 0x0000028e3fc90e80 DEOPT UNPACKING pc=0x0000028e51c84bc2 sp=0x000000a47f2f49a0 mode 0
Event: 0.799 Thread 0x0000028e3fc90e80 Uncommon trap: trap_request=0xffffff6e fr.pc=0x0000028e5220efdc relative=0x000000000000049c
Event: 0.799 Thread 0x0000028e3fc90e80 Uncommon trap: reason=loop_limit_check action=maybe_recompile pc=0x0000028e5220efdc method=java.lang.StringLatin1.indexOf([BI[BII)I @ 37 c2
Event: 0.799 Thread 0x0000028e3fc90e80 DEOPT PACKING pc=0x0000028e5220efdc sp=0x000000a47f2fdae0
Event: 0.799 Thread 0x0000028e3fc90e80 DEOPT UNPACKING pc=0x0000028e51c84422 sp=0x000000a47f2fda40 mode 2
Event: 0.803 Thread 0x0000028e3fc90e80 Uncommon trap: trap_request=0xffffff76 fr.pc=0x0000028e52209c8c relative=0x000000000000032c
Event: 0.803 Thread 0x0000028e3fc90e80 Uncommon trap: reason=predicate action=maybe_recompile pc=0x0000028e52209c8c method=java.util.regex.Pattern$BmpCharPropertyGreedy.match(Ljava/util/regex/Matcher;ILjava/lang/CharSequence;)Z @ 12 c2
Event: 0.803 Thread 0x0000028e3fc90e80 DEOPT PACKING pc=0x0000028e52209c8c sp=0x000000a47f2fdba0
Event: 0.804 Thread 0x0000028e3fc90e80 DEOPT UNPACKING pc=0x0000028e51c84422 sp=0x000000a47f2fdb58 mode 2

Classes loaded (20 events):
Event: 0.735 Loading class java/lang/annotation/Target
Event: 0.735 Loading class java/lang/annotation/Target done
Event: 0.735 Loading class java/lang/annotation/ElementType
Event: 0.735 Loading class java/lang/annotation/ElementType done
Event: 0.735 Loading class java/lang/annotation/Documented
Event: 0.735 Loading class java/lang/annotation/Documented done
Event: 0.749 Loading class java/util/concurrent/TimeoutException
Event: 0.749 Loading class java/util/concurrent/TimeoutException done
Event: 0.750 Loading class java/util/concurrent/CancellationException
Event: 0.750 Loading class java/util/concurrent/CancellationException done
Event: 0.761 Loading class java/lang/reflect/ParameterizedType
Event: 0.761 Loading class java/lang/reflect/ParameterizedType done
Event: 0.770 Loading class java/lang/reflect/WildcardType
Event: 0.770 Loading class java/lang/reflect/WildcardType done
Event: 0.773 Loading class sun/reflect/generics/tree/TypeVariableSignature
Event: 0.773 Loading class sun/reflect/generics/tree/TypeVariableSignature done
Event: 0.795 Loading class java/lang/annotation/IncompleteAnnotationException
Event: 0.795 Loading class java/lang/annotation/IncompleteAnnotationException done
Event: 0.860 Loading class java/lang/foreign/MemorySegment
Event: 0.861 Loading class java/lang/foreign/MemorySegment done

Classes unloaded (0 events):
No events

Classes redefined (0 events):
No events

Internal exceptions (20 events):
Event: 0.292 Thread 0x0000028e3fc90e80 Exception <a 'java/lang/NullPointerException'{0x0000000711418960}> (0x0000000711418960) 
thrown [s\src\hotspot\share\interpreter\linkResolver.cpp, line 1372]
Event: 0.292 Thread 0x0000028e3fc90e80 Exception <a 'java/lang/NullPointerException'{0x0000000711418c40}> (0x0000000711418c40) 
thrown [s\src\hotspot\share\interpreter\linkResolver.cpp, line 1372]
Event: 0.302 Thread 0x0000028e3fc90e80 Exception <a 'sun/nio/fs/WindowsException'{0x00000007114453c8}> (0x00000007114453c8) 
thrown [s\src\hotspot\share\prims\jni.cpp, line 520]
Event: 0.303 Thread 0x0000028e3fc90e80 Exception <a 'sun/nio/fs/WindowsException'{0x0000000711445b08}> (0x0000000711445b08) 
thrown [s\src\hotspot\share\prims\jni.cpp, line 520]
Event: 0.303 Thread 0x0000028e3fc90e80 Exception <a 'sun/nio/fs/WindowsException'{0x0000000711446080}> (0x0000000711446080) 
thrown [s\src\hotspot\share\prims\jni.cpp, line 520]
Event: 0.303 Thread 0x0000028e3fc90e80 Exception <a 'sun/nio/fs/WindowsException'{0x00000007114465d8}> (0x00000007114465d8) 
thrown [s\src\hotspot\share\prims\jni.cpp, line 520]
Event: 0.303 Thread 0x0000028e3fc90e80 Exception <a 'sun/nio/fs/WindowsException'{0x0000000711446ae0}> (0x0000000711446ae0) 
thrown [s\src\hotspot\share\prims\jni.cpp, line 520]
Event: 0.303 Thread 0x0000028e3fc90e80 Exception <a 'sun/nio/fs/WindowsException'{0x0000000711446fa0}> (0x0000000711446fa0) 
thrown [s\src\hotspot\share\prims\jni.cpp, line 520]
Event: 0.322 Thread 0x0000028e3fc90e80 Exception <a 'java/lang/NoSuchMethodError'{0x0000000711497130}: 'void java.lang.invoke.DirectMethodHandle$Holder.invokeStatic(java.lang.Object, java.lang.Object)'> (0x0000000711497130) 
thrown [s\src\hotspot\share\interpreter\linkResolver.cpp, line 773]
Event: 0.323 Thread 0x0000028e3fc90e80 Exception <a 'java/lang/NoSuchMethodError'{0x000000071149a540}: 'void java.lang.invoke.DirectMethodHandle$Holder.invokeStaticInit(java.lang.Object, java.lang.Object)'> (0x000000071149a540) 
thrown [s\src\hotspot\share\interpreter\linkResolver.cpp, line 773]
Event: 0.340 Thread 0x0000028e3fc90e80 Exception <a 'java/lang/NoSuchMethodError'{0x00000007114e61f0}: 'void java.lang.invoke.DirectMethodHandle$Holder.invokeStatic(java.lang.Object, java.lang.Object, java.lang.Object)'> (0x00000007114e61f0) 
thrown [s\src\hotspot\share\interpreter\linkResolver.cpp, line 773]
Event: 0.411 Thread 0x0000028e3fc90e80 Exception <a 'java/lang/NoSuchMethodError'{0x0000000711268208}: 'java.lang.Object java.lang.invoke.DirectMethodHandle$Holder.invokeSpecialIFC(java.lang.Object, java.lang.Object, java.lang.Object, java.lang.Object)'> (0x0000000711268208) 
thrown [s\src\hotspot\share\interpreter\linkResolver.cpp, line 773]
Event: 0.616 Thread 0x0000028e3fc90e80 Exception <a 'java/lang/NoSuchMethodError'{0x0000000710c55dd0}: 'void java.lang.invoke.DirectMethodHandle$Holder.invokeSpecial(java.lang.Object, java.lang.Object, java.lang.Object)'> (0x0000000710c55dd0) 
thrown [s\src\hotspot\share\interpreter\linkResolver.cpp, line 773]
Event: 0.664 Thread 0x0000028e3fc90e80 Exception <a 'java/lang/NoSuchMethodError'{0x0000000710db8a78}: 'java.lang.Object java.lang.invoke.DirectMethodHandle$Holder.invokeInterface(java.lang.Object, java.lang.Object)'> (0x0000000710db8a78) 
thrown [s\src\hotspot\share\interpreter\linkResolver.cpp, line 773]
Event: 0.683 Thread 0x0000028e3fc90e80 Exception <a 'java/lang/NoSuchMethodError'{0x0000000710a5ddf0}: 'int java.lang.invoke.DirectMethodHandle$Holder.invokeStatic(java.lang.Object, java.lang.Object, java.lang.Object, java.lang.Object)'> (0x0000000710a5ddf0) 
thrown [s\src\hotspot\share\interpreter\linkResolver.cpp, line 773]
Event: 0.684 Thread 0x0000028e3fc90e80 Exception <a 'java/lang/NoSuchMethodError'{0x0000000710a614c0}: 'java.lang.Object java.lang.invoke.Invokers$Holder.invokeExact_MT(java.lang.Object, java.lang.Object, java.lang.Object, java.lang.Object, java.lang.Object, java.lang.Object)'> (0x0000000710a614c0) 
thrown [s\src\hotspot\share\interpreter\linkResolver.cpp, line 773]
Event: 0.686 Thread 0x0000028e3fc90e80 Exception <a 'java/lang/NoSuchMethodError'{0x0000000710a6fe60}: 'int java.lang.invoke.DirectMethodHandle$Holder.invokeSpecialIFC(java.lang.Object, java.lang.Object, java.lang.Object, java.lang.Object, java.lang.Object)'> (0x0000000710a6fe60) 
thrown [s\src\hotspot\share\interpreter\linkResolver.cpp, line 773]
Event: 0.736 Thread 0x0000028e3fc90e80 Exception <a 'java/lang/NoSuchMethodError'{0x0000000710816b60}: 'java.lang.Object java.lang.invoke.DirectMethodHandle$Holder.newInvokeSpecial(java.lang.Object, java.lang.Object, java.lang.Object, java.lang.Object, java.lang.Object)'> (0x0000000710816b60) 
thrown [s\src\hotspot\share\interpreter\linkResolver.cpp, line 773]
Event: 0.783 Thread 0x0000028e3fc90e80 Exception <a 'java/lang/NoSuchMethodError'{0x0000000710937d20}: 'int java.lang.invoke.DirectMethodHandle$Holder.invokeStaticInit(java.lang.Object, java.lang.Object)'> (0x0000000710937d20) 
thrown [s\src\hotspot\share\interpreter\linkResolver.cpp, line 773]
Event: 0.795 Thread 0x0000028e3fc90e80 Exception <a 'java/lang/NoClassDefFoundError'{0x00000007109700a0}: javax/enterprise/inject/Typed> (0x00000007109700a0) 
thrown [s\src\hotspot\share\classfile\systemDictionary.cpp, line 301]

ZGC Phase Switch (0 events):
No events

VM Operations (9 events):
Event: 0.113 Executing VM operation: HandshakeAllThreads (Deoptimize)
Event: 0.113 Executing VM operation: HandshakeAllThreads (Deoptimize) done
Event: 0.269 Executing VM operation: HandshakeAllThreads (Deoptimize)
Event: 0.269 Executing VM operation: HandshakeAllThreads (Deoptimize) done
Event: 0.284 Executing VM operation: HandshakeAllThreads (Deoptimize)
Event: 0.284 Executing VM operation: HandshakeAllThreads (Deoptimize) done
Event: 0.818 Executing VM operation: ICBufferFull
Event: 0.818 Executing VM operation: ICBufferFull done
Event: 0.872 Executing VM operation: G1CollectForAllocation (G1 Evacuation Pause)

Memory protections (0 events):
No events

Nmethod flushes (0 events):
No events

Events (15 events):
Event: 0.029 Thread 0x0000028e3fc90e80 Thread added: 0x0000028e3fc90e80
Event: 0.053 Thread 0x0000028e3fc90e80 Thread added: 0x0000028e613ee640
Event: 0.053 Thread 0x0000028e3fc90e80 Thread added: 0x0000028e613ef350
Event: 0.053 Thread 0x0000028e3fc90e80 Thread added: 0x0000028e613f0f10
Event: 0.053 Thread 0x0000028e3fc90e80 Thread added: 0x0000028e613f1960
Event: 0.054 Thread 0x0000028e3fc90e80 Thread added: 0x0000028e613f23b0
Event: 0.054 Thread 0x0000028e3fc90e80 Thread added: 0x0000028e613f2e00
Event: 0.054 Thread 0x0000028e3fc90e80 Thread added: 0x0000028e613f5b90
Event: 0.056 Thread 0x0000028e3fc90e80 Thread added: 0x0000028e614091f0
Event: 0.093 Thread 0x0000028e3fc90e80 Thread added: 0x0000028e6153b560
Event: 0.096 Thread 0x0000028e3fc90e80 Thread added: 0x0000028e6153bbc0
Event: 0.274 Thread 0x0000028e3fc90e80 Thread added: 0x0000028ea708c180
Event: 0.290 Thread 0x0000028ea708c180 Thread exited: 0x0000028ea708c180
Event: 0.829 Thread 0x0000028e614091f0 Thread added: 0x0000028ea71bf120
Event: 0.844 Thread 0x0000028e614091f0 Thread added: 0x0000028ea78c5bd0


Dynamic libraries:
0x00007ff68c210000 - 0x00007ff68c21e000 	C:\Program Files\Eclipse Adoptium\jdk-21.0.9.10-hotspot\bin\java.exe
0x00007fff8d120000 - 0x00007fff8d329000 	C:\Windows\SYSTEM32\ntdll.dll
0x00007fff8c060000 - 0x00007fff8c11d000 	C:\Windows\System32\KERNEL32.DLL
0x00007fff8a7f0000 - 0x00007fff8ab74000 	C:\Windows\System32\KERNELBASE.dll
0x00007fff8abb0000 - 0x00007fff8acc1000 	C:\Windows\System32\ucrtbase.dll
0x00007fff86970000 - 0x00007fff86988000 	C:\Program Files\Eclipse Adoptium\jdk-21.0.9.10-hotspot\bin\jli.dll
0x00007fff8ca80000 - 0x00007fff8cc2d000 	C:\Windows\System32\USER32.dll
0x00007fff8ab80000 - 0x00007fff8aba6000 	C:\Windows\System32\win32u.dll
0x00007fff8b6f0000 - 0x00007fff8b71a000 	C:\Windows\System32\GDI32.dll
0x00007fff8a6d0000 - 0x00007fff8a7ee000 	C:\Windows\System32\gdi32full.dll
0x00007fff8a5b0000 - 0x00007fff8a64d000 	C:\Windows\System32\msvcp_win.dll
0x00007fff858b0000 - 0x00007fff858ce000 	C:\Program Files\Eclipse Adoptium\jdk-21.0.9.10-hotspot\bin\VCRUNTIME140.dll
0x00007fff70cc0000 - 0x00007fff70f65000 	C:\Windows\WinSxS\amd64_microsoft.windows.common-controls_6595b64144ccf1df_6.0.22000.120_none_9d947278b86cc467\COMCTL32.dll
0x00007fff8b4d0000 - 0x00007fff8b573000 	C:\Windows\System32\msvcrt.dll
0x00007fff8b720000 - 0x00007fff8b751000 	C:\Windows\System32\IMM32.DLL
0x00007fff87680000 - 0x00007fff8768c000 	C:\Program Files\Eclipse Adoptium\jdk-21.0.9.10-hotspot\bin\vcruntime140_1.dll
0x00007fff6e060000 - 0x00007fff6e0ed000 	C:\Program Files\Eclipse Adoptium\jdk-21.0.9.10-hotspot\bin\msvcp140.dll
0x00007fff49290000 - 0x00007fff4a030000 	C:\Program Files\Eclipse Adoptium\jdk-21.0.9.10-hotspot\bin\server\jvm.dll
0x00007fff8b2f0000 - 0x00007fff8b39e000 	C:\Windows\System32\ADVAPI32.dll
0x00007fff8b430000 - 0x00007fff8b4ce000 	C:\Windows\System32\sechost.dll
0x00007fff8c8f0000 - 0x00007fff8ca11000 	C:\Windows\System32\RPCRT4.dll
0x00007fff8bb70000 - 0x00007fff8bbdf000 	C:\Windows\System32\WS2_32.dll
0x00007fff88ed0000 - 0x00007fff88f1d000 	C:\Windows\SYSTEM32\POWRPROF.dll
0x00007fff857b0000 - 0x00007fff857e3000 	C:\Windows\SYSTEM32\WINMM.dll
0x00007fff85350000 - 0x00007fff8535a000 	C:\Windows\SYSTEM32\VERSION.dll
0x00007fff88fc0000 - 0x00007fff88fd3000 	C:\Windows\SYSTEM32\UMPDC.dll
0x00007fff896d0000 - 0x00007fff896e8000 	C:\Windows\SYSTEM32\kernel.appcore.dll
0x00007fff86910000 - 0x00007fff8691a000 	C:\Program Files\Eclipse Adoptium\jdk-21.0.9.10-hotspot\bin\jimage.dll
0x00007fff87fc0000 - 0x00007fff881e1000 	C:\Windows\SYSTEM32\DBGHELP.DLL
0x00007fff76340000 - 0x00007fff76371000 	C:\Windows\SYSTEM32\dbgcore.DLL
0x00007fff8a650000 - 0x00007fff8a6cf000 	C:\Windows\System32\bcryptPrimitives.dll
0x00007fff83fb0000 - 0x00007fff83fd0000 	C:\Program Files\Eclipse Adoptium\jdk-21.0.9.10-hotspot\bin\java.dll
0x00007fff8c120000 - 0x00007fff8c8e5000 	C:\Windows\System32\SHELL32.dll
0x00007fff88650000 - 0x00007fff88eb2000 	C:\Windows\SYSTEM32\windows.storage.dll
0x00007fff8b760000 - 0x00007fff8bad6000 	C:\Windows\System32\combase.dll
0x00007fff884e0000 - 0x00007fff88647000 	C:\Windows\SYSTEM32\wintypes.dll
0x00007fff8b200000 - 0x00007fff8b2ea000 	C:\Windows\System32\SHCORE.dll
0x00007fff8cdc0000 - 0x00007fff8ce1d000 	C:\Windows\System32\shlwapi.dll
0x00007fff8a4e0000 - 0x00007fff8a505000 	C:\Windows\SYSTEM32\profapi.dll
0x00007fff6df80000 - 0x00007fff6e057000 	C:\Program Files\Eclipse Adoptium\jdk-21.0.9.10-hotspot\bin\jsvml.dll
0x00007fff868f0000 - 0x00007fff86900000 	C:\Program Files\Eclipse Adoptium\jdk-21.0.9.10-hotspot\bin\net.dll
0x00007fff85de0000 - 0x00007fff85ef4000 	C:\Windows\SYSTEM32\WINHTTP.dll
0x00007fff89b70000 - 0x00007fff89bd7000 	C:\Windows\system32\mswsock.dll
0x00007fff83f90000 - 0x00007fff83fa6000 	C:\Program Files\Eclipse Adoptium\jdk-21.0.9.10-hotspot\bin\nio.dll
0x00007fff74390000 - 0x00007fff743a8000 	C:\Program Files\Eclipse Adoptium\jdk-21.0.9.10-hotspot\bin\zip.dll
0x00007fff6e2f0000 - 0x00007fff6e314000 	C:\Users\Hello\Downloads\apache-maven-3.9.11-bin\apache-maven-3.9.11\lib\jansi-native\Windows\x86_64\jansi.dll
0x00007fff721e0000 - 0x00007fff721f0000 	C:\Program Files\Eclipse Adoptium\jdk-21.0.9.10-hotspot\bin\verify.dll

JVMTI agents: none

dbghelp: loaded successfully - version: 4.0.5 - missing functions: none
symbol engine: initialized successfully - sym options: 0x614 - pdb path: .;C:\Program Files\Eclipse Adoptium\jdk-21.0.9.10-hotspot\bin;C:\Windows\SYSTEM32;C:\Windows\WinSxS\amd64_microsoft.windows.common-controls_6595b64144ccf1df_6.0.22000.120_none_9d947278b86cc467;C:\Program Files\Eclipse Adoptium\jdk-21.0.9.10-hotspot\bin\server;C:\Users\Hello\Downloads\apache-maven-3.9.11-bin\apache-maven-3.9.11\lib\jansi-native\Windows\x86_64

VM Arguments:
jvm_args: --enable-native-access=ALL-UNNAMED -Dclassworlds.conf=C:\Users\Hello\Downloads\apache-maven-3.9.11-bin\apache-maven-3.9.11\bin\m2.conf -Dmaven.home=C:\Users\Hello\Downloads\apache-maven-3.9.11-bin\apache-maven-3.9.11 -Dlibrary.jansi.path=C:\Users\Hello\Downloads\apache-maven-3.9.11-bin\apache-maven-3.9.11\lib\jansi-native -Dmaven.multiModuleProjectDirectory=C:\Users\Hello\Desktop\Royal Classico\royal-classico 
java_command: org.codehaus.plexus.classworlds.launcher.Launcher -DskipTests=true package
java_class_path (initial): C:\Users\Hello\Downloads\apache-maven-3.9.11-bin\apache-maven-3.9.11\boot\plexus-classworlds-2.9.0.jar
Launcher Type: SUN_STANDARD

[Global flags]
     intx CICompilerCount                          = 4                                         {product} {ergonomic}
     uint ConcGCThreads                            = 2                                         {product} {ergonomic}
     uint G1ConcRefinementThreads                  = 8                                         {product} {ergonomic}
   size_t G1HeapRegionSize                         = 2097152                                   {product} {ergonomic}
    uintx GCDrainStackTargetSize                   = 64                                        {product} {ergonomic}
   size_t InitialHeapSize                          = 268435456                                 {product} {ergonomic}
   size_t MarkStackSize                            = 4194304                                   {product} {ergonomic}
   size_t MaxHeapSize                              = 4265607168                                {product} {ergonomic}
   size_t MaxNewSize                               = 2558525440                                {product} {ergonomic}
   size_t MinHeapDeltaBytes                        = 2097152                                   {product} {ergonomic}
   size_t MinHeapSize                              = 8388608                                   {product} {ergonomic}
    uintx NonNMethodCodeHeapSize                   = 5839372                                {pd product} {ergonomic}
    uintx NonProfiledCodeHeapSize                  = 122909434                              {pd product} {ergonomic}
    uintx ProfiledCodeHeapSize                     = 122909434                              {pd product} {ergonomic}
    uintx ReservedCodeCacheSize                    = 251658240                              {pd product} {ergonomic}
     bool SegmentedCodeCache                       = true                                      {product} {ergonomic}
   size_t SoftMaxHeapSize                          = 4265607168                             {manageable} {ergonomic}
     bool UseCompressedOops                        = true                           {product lp64_product} {ergonomic}
     bool UseG1GC                                  = true                                      {product} {ergonomic}
     bool UseLargePagesIndividualAllocation        = false                                  {pd product} {ergonomic}

Logging:
Log output configuration:
 #0: stdout all=warning uptime,level,tags foldmultilines=false
 #1: stderr all=off uptime,level,tags foldmultilines=false

Release file:
IMPLEMENTOR="Eclipse Adoptium" 
IMPLEMENTOR_VERSION="Temurin-21.0.9+10" 
JAVA_RUNTIME_VERSION="21.0.9+10-LTS" 
JAVA_VERSION="21.0.9" 
JAVA_VERSION_DATE="2025-10-21" 
LIBC="default" 
MODULES="java.base java.compiler java.datatransfer java.xml java.prefs java.desktop java.instrument java.logging java.management java.security.sasl java.naming java.rmi java.management.rmi java.net.http java.scripting java.security.jgss java.transaction.xa java.sql java.sql.rowset java.xml.crypto java.se java.smartcardio jdk.accessibility jdk.internal.jvmstat jdk.attach jdk.charsets jdk.internal.opt jdk.zipfs jdk.compiler jdk.crypto.ec jdk.crypto.cryptoki jdk.crypto.mscapi jdk.dynalink jdk.internal.ed jdk.editpad jdk.hotspot.agent jdk.httpserver jdk.incubator.vector jdk.internal.le jdk.internal.vm.ci jdk.internal.vm.compiler jdk.internal.vm.compiler.management jdk.jartool jdk.javadoc jdk.jcmd jdk.management jdk.management.agent jdk.jconsole jdk.jdeps jdk.jdwp.agent jdk.jdi jdk.jfr jdk.jlink jdk.jpackage jdk.jshell jdk.jsobject jdk.jstatd jdk.localedata jdk.management.jfr jdk.naming.dns jdk.naming.rmi jdk.net jdk.nio.mapmode jdk.random jdk.sctp jdk.security.auth jdk.security.jgss jdk.unsupported jdk.unsupported.desktop jdk.xml.dom" 
OS_ARCH="x86_64" 
OS_NAME="Windows" 
SOURCE=".:git:759062135b07" 
BUILD_SOURCE="git:839fa0b45d809157cffd3dc8515aad262a4a1776"
BUILD_SOURCE_REPO="https://github.com/adoptium/temurin-build.git"
SOURCE_REPO="https://github.com/adoptium/jdk21u.git"
FULL_VERSION="21.0.9+10-LTS"
SEMANTIC_VERSION="21.0.9+10"
BUILD_INFO="OS: Windows Server 2022 Version: 10.0"
JVM_VARIANT="Hotspot"
JVM_VERSION="21.0.9+10-LTS"
IMAGE_TYPE="JDK"

Environment Variables:
JAVA_HOME=C:\Program Files\Eclipse Adoptium\jdk-21.0.9.10-hotspot\
PATH=C:\Program Files\Eclipse Adoptium\jdk-21.0.9.10-hotspot\bin;C:\Windows\system32;C:\Windows;C:\Windows\System32\Wbem;C:\Windows\System32\WindowsPowerShell\v1.0\;C:\Windows\System32\OpenSSH\;C:\Program Files\Git\cmd;C:\Users\Hello\Downloads\apache-maven-3.9.11-bin\apache-maven-3.9.11\bin;C:\Program Files\Eclipse Adoptium\jdk-21.0.9.10-hotspot\\bin;C:\Users\Hello\Downloads\spring-boot-cli-3.5.6-bin\spring-3.5.6\bin;C:\Program Files\cursor\resources\app\bin;C:\Program Files\MongoDB\Server\8.2\bin;;C:\Program Files\Docker\Docker\resources\bin;C:\Users\Hello\AppData\Local\Programs\Python\Python311\Scripts\;C:\Users\Hello\AppData\Local\Programs\Python\Python311\;C:\Users\Hello\AppData\Local\Programs\Python\Python314\Scripts\;C:\Users\Hello\AppData\Local\Programs\Python\Python314\;C:\Users\Hello\AppData\Local\Programs\Python\Launcher\;C:\Users\Hello\AppData\Local\Microsoft\WindowsApps;C:\Users\Hello\AppData\Local\Programs\Microsoft VS Code\bin;C:\Program Files\JetBrains\IntelliJ IDEA 2025.2.3\bin;C:\Program Files\JetBrains\PyCharm 2026.1\bin;C:\Users\Hello\AppData\Local\Programs\Antigravity\bin
USERNAME=Hello
OS=Windows_NT
PROCESSOR_IDENTIFIER=Intel64 Family 6 Model 142 Stepping 12, GenuineIntel
TMP=C:\Users\Hello\AppData\Local\Temp
TEMP=C:\Users\Hello\AppData\Local\Temp




Periodic native trim disabled

---------------  S Y S T E M  ---------------

OS:
 Windows 11 , 64 bit Build 22000 (10.0.22000.2538)
OS uptime: 1 days 9:24 hours
Hyper-V role detected

CPU: total 8 (initial active 8) (4 cores per cpu, 2 threads per core) family 6 model 142 stepping 12 microcode 0xde, cx8, cmov, fxsr, ht, mmx, 3dnowpref, sse, sse2, sse3, ssse3, sse4.1, sse4.2, popcnt, lzcnt, tsc, tscinvbit, avx, avx2, aes, erms, clmul, bmi1, bmi2, adx, fma, vzeroupper, clflush, clflushopt, hv, rdtscp, f16c
Processor Information for the first 8 processors :
  Max Mhz: 1992, Current Mhz: 1792, Mhz Limit: 1792

Memory: 4k page, system-wide physical 16270M (2072M free)
TotalPageFile size 22166M (AvailPageFile size 4M)
current process WorkingSet (physical memory assigned to process): 89M, peak: 89M
current process commit charge ("private bytes"): 365M, peak: 366M

vm_info: OpenJDK 64-Bit Server VM (21.0.9+10-LTS) for windows-amd64 JRE (21.0.9+10-LTS), built on 2025-10-21T00:00:00Z by "admin" with unknown MS VC++:1942

END.
